<?xml version="1.0" encoding="UTF-8"?>
<!-- Generated by org.testng.reporters.JUnitReportReporter -->
<testsuite hostname="Ram1990" failures="0" tests="2" name="day43_pack._3C1" time="0.008" errors="0" timestamp="2024-07-19T23:54:37 EDT" skipped="0">
  <testcase classname="day43_pack._3C1" name="abc" time="0.007"/>
  <system-out/>
  <testcase classname="day43_pack._3C1" name="abc" time="0.001"/>
  <system-out/>
</testsuite> <!-- day43_pack._3C1 -->
