<?xml version="1.0" encoding="UTF-8"?>
<!-- Generated by org.testng.reporters.JUnitReportReporter -->
<testsuite hostname="Ram1990" failures="0" tests="9" name="Day45_TestNG_DataProviders_ParallelTesting._2ParamTest" time="0.341" errors="0" timestamp="2024-07-24T23:21:09 EDT" skipped="0">
  <testcase classname="Day45_TestNG_DataProviders_ParallelTesting._2ParamTest" name="testLogo" time="0.149"/>
  <system-out/>
  <testcase classname="Day45_TestNG_DataProviders_ParallelTesting._2ParamTest" name="testLogo" time="0.055"/>
  <system-out/>
  <testcase classname="Day45_TestNG_DataProviders_ParallelTesting._2ParamTest" name="testLogo" time="0.056"/>
  <system-out/>
  <testcase classname="Day45_TestNG_DataProviders_ParallelTesting._2ParamTest" name="testTitle" time="0.018"/>
  <system-out/>
  <testcase classname="Day45_TestNG_DataProviders_ParallelTesting._2ParamTest" name="testTitle" time="0.017"/>
  <system-out/>
  <testcase classname="Day45_TestNG_DataProviders_ParallelTesting._2ParamTest" name="testTitle" time="0.008"/>
  <system-out/>
  <testcase classname="Day45_TestNG_DataProviders_ParallelTesting._2ParamTest" name="testURL" time="0.015"/>
  <system-out/>
  <testcase classname="Day45_TestNG_DataProviders_ParallelTesting._2ParamTest" name="testURL" time="0.014"/>
  <system-out/>
  <testcase classname="Day45_TestNG_DataProviders_ParallelTesting._2ParamTest" name="testURL" time="0.009"/>
  <system-out/>
</testsuite> <!-- Day45_TestNG_DataProviders_ParallelTesting._2ParamTest -->
