<?xml version="1.0" encoding="UTF-8"?>
<!-- Generated by org.testng.reporters.JUnitReportReporter -->
<testsuite hostname="Ram1990" failures="0" tests="3" name="day42_TestNG_Basic._1FirstTestCase" time="0.008" errors="0" timestamp="2024-07-18T23:21:50 EDT" skipped="0">
  <testcase classname="day42_TestNG_Basic._1FirstTestCase" name="openapp" time="0.003"/>
  <system-out/>
  <testcase classname="day42_TestNG_Basic._1FirstTestCase" name="login" time="0.002"/>
  <system-out/>
  <testcase classname="day42_TestNG_Basic._1FirstTestCase" name="logout" time="0.003"/>
  <system-out/>
</testsuite> <!-- day42_TestNG_Basic._1FirstTestCase -->
