<?xml version="1.0" encoding="UTF-8"?>
<!-- Generated by org.testng.reporters.JUnitReportReporter -->
<testsuite hostname="Ram1990" failures="0" tests="4" name="day42_TestNG_Basic.OrangeHRMTest" time="11.378" errors="0" timestamp="2024-07-18T23:21:50 EDT" skipped="0">
  <testcase classname="day42_TestNG_Basic.OrangeHRMTest" name="openapp" time="6.508"/>
  <system-out/>
  <testcase classname="day42_TestNG_Basic.OrangeHRMTest" name="testlogo" time="3.070"/>
  <system-out/>
  <testcase classname="day42_TestNG_Basic.OrangeHRMTest" name="testlogin" time="1.559"/>
  <system-out/>
  <testcase classname="day42_TestNG_Basic.OrangeHRMTest" name="closeapp" time="0.241"/>
  <system-out/>
</testsuite> <!-- day42_TestNG_Basic.OrangeHRMTest -->
