<?xml version="1.0" encoding="UTF-8"?>
<!-- Generated by org.testng.reporters.JUnitReportReporter -->
<testsuite hostname="Ram1990" failures="0" tests="2" name="day44_DependencyTests_TestNGGroups._4GroupingPaymentTests" time="0.003" errors="0" timestamp="2024-07-20T15:56:19 EDT" skipped="0">
  <testcase classname="day44_DependencyTests_TestNGGroups._4GroupingPaymentTests" name="paymentRupees" time="0.001"/>
  <system-out/>
  <testcase classname="day44_DependencyTests_TestNGGroups._4GroupingPaymentTests" name="paymentInDollars" time="0.002"/>
  <system-out/>
</testsuite> <!-- day44_DependencyTests_TestNGGroups._4GroupingPaymentTests -->
