<?xml version="1.0" encoding="UTF-8"?>
<!-- Generated by org.testng.reporters.JUnitReportReporter -->
<testsuite hostname="Ram1990" failures="0" tests="3" name="day44_DependencyTests_TestNGGroups._2Grouping_LoginTests" time="0.013" errors="0" timestamp="2024-07-20T15:54:46 EDT" skipped="0">
  <testcase classname="day44_DependencyTests_TestNGGroups._2Grouping_LoginTests" name="loginByEmail" time="0.010"/>
  <system-out/>
  <testcase classname="day44_DependencyTests_TestNGGroups._2Grouping_LoginTests" name="loginByFacebook" time="0.002"/>
  <system-out/>
  <testcase classname="day44_DependencyTests_TestNGGroups._2Grouping_LoginTests" name="loginByTwitter" time="0.001"/>
  <system-out/>
</testsuite> <!-- day44_DependencyTests_TestNGGroups._2Grouping_LoginTests -->
