<?xml version="1.0" encoding="UTF-8"?>
<!-- Generated by org.testng.reporters.JUnitReportReporter -->
<testsuite hostname="Ram1990" failures="0" tests="2" name="day43_TestNG_Annotations_Soft_Hard_Assertions._6AllAnnotations" time="0.008" errors="0" timestamp="2024-07-20T00:02:13 EDT" skipped="0">
  <testcase classname="day43_TestNG_Annotations_Soft_Hard_Assertions._6AllAnnotations" name="tm1" time="0.006"/>
  <system-out/>
  <testcase classname="day43_TestNG_Annotations_Soft_Hard_Assertions._6AllAnnotations" name="tm2" time="0.002"/>
  <system-out/>
</testsuite> <!-- day43_TestNG_Annotations_Soft_Hard_Assertions._6AllAnnotations -->
