<?xml version="1.0" encoding="UTF-8"?>
<!-- Generated by org.testng.reporters.JUnitReportReporter -->
<testsuite hostname="Ram1990" failures="0" tests="2" name="day43_TestNG_Annotations_Soft_Hard_Assertions._1Annotations" time="0.020" errors="0" timestamp="2024-07-19T23:27:12 EDT" skipped="0">
  <testcase classname="day43_TestNG_Annotations_Soft_Hard_Assertions._1Annotations" name="search" time="0.018"/>
  <system-out/>
  <testcase classname="day43_TestNG_Annotations_Soft_Hard_Assertions._1Annotations" name="advancedSeach" time="0.002"/>
  <system-out/>
</testsuite> <!-- day43_TestNG_Annotations_Soft_Hard_Assertions._1Annotations -->
