<?xml version="1.0" encoding="UTF-8"?>
<!-- Generated by org.testng.reporters.JUnitReportReporter -->
<testsuite hostname="Ram1990" failures="0" tests="3" name="day44_DependencyTests_TestNGGroups._3Grouping_SignupTests" time="0.014" errors="0" timestamp="2024-07-20T16:05:57 EDT" skipped="0">
  <testcase classname="day44_DependencyTests_TestNGGroups._3Grouping_SignupTests" name="signupByFacebook" time="0.002"/>
  <system-out/>
  <testcase classname="day44_DependencyTests_TestNGGroups._3Grouping_SignupTests" name="signupByEmail" time="0.010"/>
  <system-out/>
  <testcase classname="day44_DependencyTests_TestNGGroups._3Grouping_SignupTests" name="signupByTwitter" time="0.002"/>
  <system-out/>
</testsuite> <!-- day44_DependencyTests_TestNGGroups._3Grouping_SignupTests -->
