<?xml version="1.0" encoding="UTF-8"?>
<!-- Generated by org.testng.reporters.JUnitReportReporter -->
<testsuite hostname="Ram1990" failures="0" tests="2" name="day43_TestNG_Annotations_Soft_Hard_Assertions._2Annotations" time="0.010" errors="0" timestamp="2024-07-19T23:29:47 EDT" skipped="0">
  <testcase classname="day43_TestNG_Annotations_Soft_Hard_Assertions._2Annotations" name="search" time="0.009"/>
  <system-out/>
  <testcase classname="day43_TestNG_Annotations_Soft_Hard_Assertions._2Annotations" name="advancedSeach" time="0.001"/>
  <system-out/>
</testsuite> <!-- day43_TestNG_Annotations_Soft_Hard_Assertions._2Annotations -->
