<?xml version="1.0" encoding="UTF-8"?>
<!-- Generated by org.testng.reporters.JUnitReportReporter -->
<testsuite hostname="Ram1990" failures="0" tests="1" name="day47_HandlingPageElements_POM._2LoginTest" time="1.664" errors="0" timestamp="2024-07-25T22:52:24 EDT" skipped="0">
  <testcase classname="day47_HandlingPageElements_POM._2LoginTest" name="testLogin" time="1.664"/>
  <system-out/>
</testsuite> <!-- day47_HandlingPageElements_POM._2LoginTest -->
